training and validating
Cross validation with cv 4
getting eval data loader...
train classes: ['0', '1']
Train image size : 561
val image size : 187
Using GPU
Fold 1/4...
Epoch:1/3 AVG Training Loss:0.660 AVG Test Loss:0.648 AVG Training Acc 68.45 % AVG Test Acc 67.91 %
Epoch:2/3 AVG Training Loss:0.637 AVG Test Loss:0.673 AVG Training Acc 64.08 % AVG Test Acc 55.08 %
Epoch:3/3 AVG Training Loss:0.624 AVG Test Loss:0.785 AVG Training Acc 66.22 % AVG Test Acc 66.31 %
Fold 2/4...
Epoch:1/3 AVG Training Loss:0.693 AVG Test Loss:0.693 AVG Training Acc 32.98 % AVG Test Acc 32.09 %
Epoch:2/3 AVG Training Loss:0.693 AVG Test Loss:0.693 AVG Training Acc 31.73 % AVG Test Acc 32.09 %
Epoch:3/3 AVG Training Loss:0.693 AVG Test Loss:0.693 AVG Training Acc 32.09 % AVG Test Acc 32.09 %
Fold 3/4...
Epoch:1/3 AVG Training Loss:0.664 AVG Test Loss:0.660 AVG Training Acc 59.45 % AVG Test Acc 74.33 %
Epoch:2/3 AVG Training Loss:0.630 AVG Test Loss:0.626 AVG Training Acc 70.94 % AVG Test Acc 72.19 %
Epoch:3/3 AVG Training Loss:0.614 AVG Test Loss:0.723 AVG Training Acc 71.03 % AVG Test Acc 72.19 %
Fold 4/4...
Epoch:1/3 AVG Training Loss:0.693 AVG Test Loss:0.693 AVG Training Acc 28.97 % AVG Test Acc 31.55 %
Epoch:2/3 AVG Training Loss:0.693 AVG Test Loss:0.693 AVG Training Acc 31.82 % AVG Test Acc 31.55 %
Epoch:3/3 AVG Training Loss:0.693 AVG Test Loss:0.693 AVG Training Acc 32.26 % AVG Test Acc 31.55 %


Average Training CV Loss: 0.6562 	 Average Test CV Loss: 0.7235 	 Average Training CV Acc: 50.401 	 Average Test CV Acc: 50.535
