training and validating
Cross validation with cv 4
getting eval data loader...
train classes: ['0', '1']
Train image size : 1877
val image size : 626
Using GPU
Fold 1/4...
Epoch:1/3 AVG Training Loss:0.672 AVG Test Loss:0.665 AVG Training Acc 62.09 % AVG Test Acc 61.66 %
Epoch:2/3 AVG Training Loss:0.692 AVG Test Loss:0.693 AVG Training Acc 40.46 % AVG Test Acc 38.66 %
Epoch:3/3 AVG Training Loss:0.693 AVG Test Loss:0.693 AVG Training Acc 39.61 % AVG Test Acc 38.66 %
Fold 2/4...
Epoch:1/3 AVG Training Loss:0.659 AVG Test Loss:0.633 AVG Training Acc 65.13 % AVG Test Acc 69.33 %
Epoch:2/3 AVG Training Loss:0.629 AVG Test Loss:0.622 AVG Training Acc 68.14 % AVG Test Acc 64.86 %
Epoch:3/3 AVG Training Loss:0.610 AVG Test Loss:0.605 AVG Training Acc 70.30 % AVG Test Acc 73.80 %
Fold 3/4...
Epoch:1/3 AVG Training Loss:0.694 AVG Test Loss:0.693 AVG Training Acc 39.26 % AVG Test Acc 42.49 %
Epoch:2/3 AVG Training Loss:0.693 AVG Test Loss:0.693 AVG Training Acc 42.43 % AVG Test Acc 42.49 %
Epoch:3/3 AVG Training Loss:0.693 AVG Test Loss:0.693 AVG Training Acc 39.05 % AVG Test Acc 42.49 %
Fold 4/4...
Epoch:1/3 AVG Training Loss:0.693 AVG Test Loss:0.844 AVG Training Acc 40.12 % AVG Test Acc 37.92 %
Epoch:2/3 AVG Training Loss:0.648 AVG Test Loss:0.613 AVG Training Acc 64.12 % AVG Test Acc 66.88 %
Epoch:3/3 AVG Training Loss:0.623 AVG Test Loss:0.596 AVG Training Acc 67.90 % AVG Test Acc 68.00 %


Average Training CV Loss: 0.6549 	 Average Test CV Loss: 0.6469 	 Average Training CV Acc: 54.216 	 Average Test CV Acc: 55.738
