training and validating
Cross validation with cv 4
getting eval data loader...
train classes: ['0', '1']
Train image size : 561
val image size : 187
Using GPU
Fold 1/4...
Epoch:1/3 AVG Training Loss:0.670 AVG Test Loss:0.679 AVG Training Acc 66.84 % AVG Test Acc 62.57 %
Epoch:2/3 AVG Training Loss:0.655 AVG Test Loss:0.668 AVG Training Acc 68.45 % AVG Test Acc 62.57 %
Epoch:3/3 AVG Training Loss:0.646 AVG Test Loss:0.644 AVG Training Acc 69.16 % AVG Test Acc 66.84 %
Fold 2/4...
Epoch:1/3 AVG Training Loss:0.670 AVG Test Loss:0.653 AVG Training Acc 66.49 % AVG Test Acc 67.91 %
Epoch:2/3 AVG Training Loss:0.654 AVG Test Loss:0.638 AVG Training Acc 68.45 % AVG Test Acc 68.45 %
Epoch:3/3 AVG Training Loss:0.649 AVG Test Loss:0.628 AVG Training Acc 69.16 % AVG Test Acc 67.91 %
Fold 3/4...
Epoch:1/3 AVG Training Loss:0.693 AVG Test Loss:0.693 AVG Training Acc 32.98 % AVG Test Acc 33.16 %
Epoch:2/3 AVG Training Loss:0.693 AVG Test Loss:0.693 AVG Training Acc 32.26 % AVG Test Acc 33.16 %
Epoch:3/3 AVG Training Loss:0.693 AVG Test Loss:0.693 AVG Training Acc 32.26 % AVG Test Acc 33.16 %
Fold 4/4...
Epoch:1/3 AVG Training Loss:0.674 AVG Test Loss:0.646 AVG Training Acc 67.02 % AVG Test Acc 68.45 %
Epoch:2/3 AVG Training Loss:0.655 AVG Test Loss:0.619 AVG Training Acc 67.02 % AVG Test Acc 69.52 %
Epoch:3/3 AVG Training Loss:0.636 AVG Test Loss:0.599 AVG Training Acc 64.88 % AVG Test Acc 72.19 %


Average Training CV Loss: 0.6562 	 Average Test CV Loss: 0.6413 	 Average Training CV Acc: 58.868 	 Average Test CV Acc: 60.027
