training and validating
Cross validation with cv 4
getting eval data loader...
train classes: ['0', '1']
Train image size : 451
val image size : 151
Using GPU
Fold 1/4...
Epoch:1/3 AVG Training Loss:0.559 AVG Test Loss:0.882 AVG Training Acc 87.80 % AVG Test Acc 87.42 %
Epoch:2/3 AVG Training Loss:0.514 AVG Test Loss:0.705 AVG Training Acc 87.80 % AVG Test Acc 87.42 %
Epoch:3/3 AVG Training Loss:0.512 AVG Test Loss:0.453 AVG Training Acc 88.03 % AVG Test Acc 87.42 %
Fold 2/4...
Epoch:1/3 AVG Training Loss:0.693 AVG Test Loss:0.693 AVG Training Acc 12.20 % AVG Test Acc 15.89 %
Epoch:2/3 AVG Training Loss:0.693 AVG Test Loss:0.693 AVG Training Acc 12.20 % AVG Test Acc 15.89 %
Epoch:3/3 AVG Training Loss:0.693 AVG Test Loss:0.693 AVG Training Acc 12.20 % AVG Test Acc 15.89 %
Fold 3/4...
Epoch:1/3 AVG Training Loss:0.593 AVG Test Loss:0.528 AVG Training Acc 87.80 % AVG Test Acc 93.33 %
Epoch:2/3 AVG Training Loss:0.538 AVG Test Loss:0.446 AVG Training Acc 87.80 % AVG Test Acc 93.33 %
Epoch:3/3 AVG Training Loss:0.496 AVG Test Loss:0.603 AVG Training Acc 87.80 % AVG Test Acc 78.67 %
Fold 4/4...
Epoch:1/3 AVG Training Loss:0.693 AVG Test Loss:0.693 AVG Training Acc 11.97 % AVG Test Acc 14.00 %
Epoch:2/3 AVG Training Loss:0.693 AVG Test Loss:0.693 AVG Training Acc 12.20 % AVG Test Acc 14.00 %
Epoch:3/3 AVG Training Loss:0.693 AVG Test Loss:0.693 AVG Training Acc 12.20 % AVG Test Acc 14.00 %


Average Training CV Loss: 0.5984 	 Average Test CV Loss: 0.6108 	 Average Training CV Acc: 50.055 	 Average Test CV Acc: 48.994
