training and validating
Cross validation with cv 4
getting eval data loader...
train classes: ['0', '1']
Train image size : 516
val image size : 172
Using GPU
Fold 1/4...
Epoch:1/3 AVG Training Loss:0.671 AVG Test Loss:0.653 AVG Training Acc 80.23 % AVG Test Acc 76.16 %
Epoch:2/3 AVG Training Loss:0.613 AVG Test Loss:0.639 AVG Training Acc 80.23 % AVG Test Acc 76.16 %
Epoch:3/3 AVG Training Loss:0.596 AVG Test Loss:0.676 AVG Training Acc 80.23 % AVG Test Acc 76.16 %
Fold 2/4...
Epoch:1/3 AVG Training Loss:0.693 AVG Test Loss:0.693 AVG Training Acc 19.77 % AVG Test Acc 23.26 %
Epoch:2/3 AVG Training Loss:0.693 AVG Test Loss:0.693 AVG Training Acc 19.77 % AVG Test Acc 23.26 %
Epoch:3/3 AVG Training Loss:0.693 AVG Test Loss:0.693 AVG Training Acc 19.77 % AVG Test Acc 23.26 %
Fold 3/4...
Epoch:1/3 AVG Training Loss:0.612 AVG Test Loss:0.576 AVG Training Acc 80.23 % AVG Test Acc 83.14 %
Epoch:2/3 AVG Training Loss:0.603 AVG Test Loss:0.590 AVG Training Acc 80.23 % AVG Test Acc 83.14 %
Epoch:3/3 AVG Training Loss:0.595 AVG Test Loss:0.580 AVG Training Acc 80.23 % AVG Test Acc 83.14 %
Fold 4/4...
Epoch:1/3 AVG Training Loss:0.623 AVG Test Loss:0.596 AVG Training Acc 80.23 % AVG Test Acc 80.81 %
Epoch:2/3 AVG Training Loss:0.590 AVG Test Loss:0.604 AVG Training Acc 80.23 % AVG Test Acc 80.81 %
Epoch:3/3 AVG Training Loss:0.601 AVG Test Loss:0.606 AVG Training Acc 80.23 % AVG Test Acc 80.81 %


Average Training CV Loss: 0.6213 	 Average Test CV Loss: 0.6388 	 Average Training CV Acc: 65.116 	 Average Test CV Acc: 65.843
