training and validating
Cross validation with cv 4
getting eval data loader...
train classes: ['0', '1']
Train image size : 462
val image size : 154
Using GPU
Fold 1/4...
Epoch:1/3 AVG Training Loss:0.585 AVG Test Loss:0.523 AVG Training Acc 88.31 % AVG Test Acc 87.01 %
Epoch:2/3 AVG Training Loss:0.502 AVG Test Loss:0.528 AVG Training Acc 88.31 % AVG Test Acc 87.01 %
Epoch:3/3 AVG Training Loss:0.503 AVG Test Loss:0.528 AVG Training Acc 88.31 % AVG Test Acc 87.01 %
Fold 2/4...
Epoch:1/3 AVG Training Loss:0.549 AVG Test Loss:0.563 AVG Training Acc 88.31 % AVG Test Acc 86.36 %
Epoch:2/3 AVG Training Loss:0.516 AVG Test Loss:0.532 AVG Training Acc 88.31 % AVG Test Acc 86.36 %
Epoch:3/3 AVG Training Loss:0.520 AVG Test Loss:0.600 AVG Training Acc 88.31 % AVG Test Acc 86.36 %
Fold 3/4...
Epoch:1/3 AVG Training Loss:0.535 AVG Test Loss:0.380 AVG Training Acc 88.31 % AVG Test Acc 94.81 %
Epoch:2/3 AVG Training Loss:0.526 AVG Test Loss:0.481 AVG Training Acc 88.31 % AVG Test Acc 94.81 %
Epoch:3/3 AVG Training Loss:0.526 AVG Test Loss:0.391 AVG Training Acc 88.31 % AVG Test Acc 94.81 %
Fold 4/4...
Epoch:1/3 AVG Training Loss:0.693 AVG Test Loss:0.693 AVG Training Acc 11.69 % AVG Test Acc 16.23 %
Epoch:2/3 AVG Training Loss:0.693 AVG Test Loss:0.693 AVG Training Acc 11.69 % AVG Test Acc 16.23 %
Epoch:3/3 AVG Training Loss:0.693 AVG Test Loss:0.693 AVG Training Acc 11.69 % AVG Test Acc 16.23 %


Average Training CV Loss: 0.5603 	 Average Test CV Loss: 0.5532 	 Average Training CV Acc: 69.156 	 Average Test CV Acc: 71.104
