training and validating
Cross validation with cv 4
getting eval data loader...
train classes: ['0', '1']
Train image size : 462
val image size : 154
Using GPU
Fold 1/4...
Epoch:1/3 AVG Training Loss:0.585 AVG Test Loss:0.524 AVG Training Acc 88.31 % AVG Test Acc 87.01 %
Epoch:2/3 AVG Training Loss:0.502 AVG Test Loss:0.529 AVG Training Acc 88.31 % AVG Test Acc 87.01 %
Epoch:3/3 AVG Training Loss:0.501 AVG Test Loss:0.529 AVG Training Acc 88.31 % AVG Test Acc 87.01 %
Fold 2/4...
Epoch:1/3 AVG Training Loss:0.549 AVG Test Loss:0.563 AVG Training Acc 88.31 % AVG Test Acc 86.36 %
Epoch:2/3 AVG Training Loss:0.514 AVG Test Loss:0.525 AVG Training Acc 88.31 % AVG Test Acc 86.36 %
Epoch:3/3 AVG Training Loss:0.518 AVG Test Loss:0.601 AVG Training Acc 88.31 % AVG Test Acc 86.36 %
Fold 3/4...
Epoch:1/3 AVG Training Loss:0.534 AVG Test Loss:0.380 AVG Training Acc 88.31 % AVG Test Acc 94.81 %
Epoch:2/3 AVG Training Loss:0.514 AVG Test Loss:0.458 AVG Training Acc 88.31 % AVG Test Acc 94.81 %
Epoch:3/3 AVG Training Loss:0.494 AVG Test Loss:0.394 AVG Training Acc 88.31 % AVG Test Acc 94.81 %
Fold 4/4...
Epoch:1/3 AVG Training Loss:0.693 AVG Test Loss:0.693 AVG Training Acc 11.69 % AVG Test Acc 16.23 %
Epoch:2/3 AVG Training Loss:0.693 AVG Test Loss:0.693 AVG Training Acc 11.69 % AVG Test Acc 16.23 %
Epoch:3/3 AVG Training Loss:0.693 AVG Test Loss:0.693 AVG Training Acc 11.69 % AVG Test Acc 16.23 %


Average Training CV Loss: 0.5517 	 Average Test CV Loss: 0.5542 	 Average Training CV Acc: 69.156 	 Average Test CV Acc: 71.104
