training and validating
Cross validation with cv 4
getting eval data loader...
train classes: ['0', '1']
Train image size : 462
val image size : 154
Using GPU
Fold 1/4...
Epoch:1/3 AVG Training Loss:0.455 AVG Test Loss:0.382 AVG Training Acc 88.31 % AVG Test Acc 88.31 %
Epoch:2/3 AVG Training Loss:0.362 AVG Test Loss:0.344 AVG Training Acc 88.31 % AVG Test Acc 88.31 %
Epoch:3/3 AVG Training Loss:0.352 AVG Test Loss:0.324 AVG Training Acc 88.31 % AVG Test Acc 88.31 %
Fold 2/4...
Epoch:1/3 AVG Training Loss:0.411 AVG Test Loss:0.416 AVG Training Acc 88.96 % AVG Test Acc 86.36 %
Epoch:2/3 AVG Training Loss:0.359 AVG Test Loss:0.372 AVG Training Acc 88.96 % AVG Test Acc 86.36 %
Epoch:3/3 AVG Training Loss:0.332 AVG Test Loss:0.389 AVG Training Acc 88.74 % AVG Test Acc 86.36 %
Fold 3/4...
Epoch:1/3 AVG Training Loss:0.443 AVG Test Loss:0.397 AVG Training Acc 86.15 % AVG Test Acc 94.81 %
Epoch:2/3 AVG Training Loss:0.421 AVG Test Loss:0.415 AVG Training Acc 86.15 % AVG Test Acc 94.81 %
Epoch:3/3 AVG Training Loss:0.386 AVG Test Loss:0.285 AVG Training Acc 86.15 % AVG Test Acc 94.81 %
Fold 4/4...
Epoch:1/3 AVG Training Loss:0.693 AVG Test Loss:0.693 AVG Training Acc 10.17 % AVG Test Acc 16.23 %
Epoch:2/3 AVG Training Loss:0.693 AVG Test Loss:0.693 AVG Training Acc 10.17 % AVG Test Acc 16.23 %
Epoch:3/3 AVG Training Loss:0.693 AVG Test Loss:0.693 AVG Training Acc 10.17 % AVG Test Acc 16.23 %


Average Training CV Loss: 0.4409 	 Average Test CV Loss: 0.4228 	 Average Training CV Acc: 68.344 	 Average Test CV Acc: 71.429
