training and validating
Cross validation with cv 4
getting eval data loader...
train classes: ['0', '1']
Train image size : 708
val image size : 236
Using GPU
Fold 1/4...
Epoch:1/3 AVG Training Loss:0.676 AVG Test Loss:0.659 AVG Training Acc 62.29 % AVG Test Acc 62.29 %
Epoch:2/3 AVG Training Loss:0.655 AVG Test Loss:0.665 AVG Training Acc 63.28 % AVG Test Acc 62.29 %
Epoch:3/3 AVG Training Loss:0.652 AVG Test Loss:0.657 AVG Training Acc 63.56 % AVG Test Acc 55.51 %
Fold 2/4...
Epoch:1/3 AVG Training Loss:0.657 AVG Test Loss:0.738 AVG Training Acc 63.28 % AVG Test Acc 59.75 %
Epoch:2/3 AVG Training Loss:0.643 AVG Test Loss:0.663 AVG Training Acc 64.12 % AVG Test Acc 59.75 %
Epoch:3/3 AVG Training Loss:0.632 AVG Test Loss:0.659 AVG Training Acc 65.54 % AVG Test Acc 62.29 %
Fold 3/4...
Epoch:1/3 AVG Training Loss:0.669 AVG Test Loss:0.642 AVG Training Acc 53.39 % AVG Test Acc 62.71 %
Epoch:2/3 AVG Training Loss:0.700 AVG Test Loss:0.693 AVG Training Acc 40.68 % AVG Test Acc 36.86 %
Epoch:3/3 AVG Training Loss:0.693 AVG Test Loss:0.693 AVG Training Acc 37.01 % AVG Test Acc 36.86 %
Fold 4/4...
Epoch:1/3 AVG Training Loss:0.672 AVG Test Loss:0.642 AVG Training Acc 60.88 % AVG Test Acc 66.95 %
Epoch:2/3 AVG Training Loss:0.660 AVG Test Loss:0.632 AVG Training Acc 60.45 % AVG Test Acc 66.95 %
Epoch:3/3 AVG Training Loss:0.645 AVG Test Loss:0.629 AVG Training Acc 61.30 % AVG Test Acc 64.83 %


Average Training CV Loss: 0.6556 	 Average Test CV Loss: 0.6595 	 Average Training CV Acc: 56.850 	 Average Test CV Acc: 54.873
