training and validating
Cross validation with cv 4
getting eval data loader...
train classes: ['0', '1']
Train image size : 1877
val image size : 626
Using GPU
Fold 1/4...
Epoch:1/3 AVG Training Loss:0.665 AVG Test Loss:0.645 AVG Training Acc 60.84 % AVG Test Acc 63.90 %
Epoch:2/3 AVG Training Loss:0.642 AVG Test Loss:0.653 AVG Training Acc 63.45 % AVG Test Acc 60.06 %
Epoch:3/3 AVG Training Loss:0.628 AVG Test Loss:0.647 AVG Training Acc 63.93 % AVG Test Acc 62.14 %
Fold 2/4...
Epoch:1/3 AVG Training Loss:0.693 AVG Test Loss:0.693 AVG Training Acc 39.69 % AVG Test Acc 41.05 %
Epoch:2/3 AVG Training Loss:0.693 AVG Test Loss:0.693 AVG Training Acc 39.69 % AVG Test Acc 41.05 %
Epoch:3/3 AVG Training Loss:0.693 AVG Test Loss:0.693 AVG Training Acc 39.69 % AVG Test Acc 41.05 %
Fold 3/4...
Epoch:1/3 AVG Training Loss:0.667 AVG Test Loss:0.656 AVG Training Acc 61.27 % AVG Test Acc 58.31 %
Epoch:2/3 AVG Training Loss:0.642 AVG Test Loss:0.670 AVG Training Acc 64.04 % AVG Test Acc 61.34 %
Epoch:3/3 AVG Training Loss:0.632 AVG Test Loss:0.625 AVG Training Acc 64.41 % AVG Test Acc 66.29 %
Fold 4/4...
Epoch:1/3 AVG Training Loss:0.694 AVG Test Loss:0.693 AVG Training Acc 42.12 % AVG Test Acc 37.92 %
Epoch:2/3 AVG Training Loss:0.693 AVG Test Loss:0.693 AVG Training Acc 40.73 % AVG Test Acc 37.92 %
Epoch:3/3 AVG Training Loss:0.693 AVG Test Loss:0.693 AVG Training Acc 40.73 % AVG Test Acc 37.92 %


Average Training CV Loss: 0.6615 	 Average Test CV Loss: 0.6646 	 Average Training CV Acc: 52.192 	 Average Test CV Acc: 51.852
