training and validating
Cross validation with cv 4
getting eval data loader...
train classes: ['0', '1']
Train image size : 451
val image size : 151
Using GPU
Fold 1/4...
Epoch:1/3 AVG Training Loss:0.431 AVG Test Loss:0.469 AVG Training Acc 87.80 % AVG Test Acc 87.42 %
Epoch:2/3 AVG Training Loss:0.365 AVG Test Loss:0.502 AVG Training Acc 87.80 % AVG Test Acc 87.42 %
Epoch:3/3 AVG Training Loss:0.384 AVG Test Loss:0.343 AVG Training Acc 87.80 % AVG Test Acc 87.42 %
Fold 2/4...
Epoch:1/3 AVG Training Loss:0.693 AVG Test Loss:0.693 AVG Training Acc 11.09 % AVG Test Acc 15.89 %
Epoch:2/3 AVG Training Loss:0.693 AVG Test Loss:0.693 AVG Training Acc 11.09 % AVG Test Acc 15.89 %
Epoch:3/3 AVG Training Loss:0.693 AVG Test Loss:0.693 AVG Training Acc 11.09 % AVG Test Acc 15.89 %
Fold 3/4...
Epoch:1/3 AVG Training Loss:0.476 AVG Test Loss:0.266 AVG Training Acc 85.84 % AVG Test Acc 93.33 %
Epoch:2/3 AVG Training Loss:0.429 AVG Test Loss:0.256 AVG Training Acc 85.84 % AVG Test Acc 93.33 %
Epoch:3/3 AVG Training Loss:0.391 AVG Test Loss:0.293 AVG Training Acc 85.84 % AVG Test Acc 94.00 %
Fold 4/4...
Epoch:1/3 AVG Training Loss:0.418 AVG Test Loss:0.398 AVG Training Acc 88.05 % AVG Test Acc 86.00 %
Epoch:2/3 AVG Training Loss:0.357 AVG Test Loss:0.462 AVG Training Acc 88.27 % AVG Test Acc 86.00 %
Epoch:3/3 AVG Training Loss:0.347 AVG Test Loss:0.489 AVG Training Acc 88.27 % AVG Test Acc 80.00 %


Average Training CV Loss: 0.4537 	 Average Test CV Loss: 0.4549 	 Average Training CV Acc: 68.252 	 Average Test CV Acc: 69.328
