training and validating
Cross validation with cv 4
getting eval data loader...
train classes: ['0', '1']
Train image size : 462
val image size : 154
Using GPU
Fold 1/4...
Epoch:1/3 AVG Training Loss:0.459 AVG Test Loss:0.425 AVG Training Acc 88.31 % AVG Test Acc 87.01 %
Epoch:2/3 AVG Training Loss:0.367 AVG Test Loss:0.373 AVG Training Acc 88.31 % AVG Test Acc 87.01 %
Epoch:3/3 AVG Training Loss:0.361 AVG Test Loss:0.367 AVG Training Acc 88.31 % AVG Test Acc 87.01 %
Fold 2/4...
Epoch:1/3 AVG Training Loss:0.430 AVG Test Loss:0.418 AVG Training Acc 88.53 % AVG Test Acc 86.36 %
Epoch:2/3 AVG Training Loss:0.369 AVG Test Loss:0.386 AVG Training Acc 88.53 % AVG Test Acc 86.36 %
Epoch:3/3 AVG Training Loss:0.356 AVG Test Loss:0.405 AVG Training Acc 88.53 % AVG Test Acc 86.36 %
Fold 3/4...
Epoch:1/3 AVG Training Loss:0.459 AVG Test Loss:0.381 AVG Training Acc 85.71 % AVG Test Acc 94.81 %
Epoch:2/3 AVG Training Loss:0.432 AVG Test Loss:0.432 AVG Training Acc 85.71 % AVG Test Acc 95.45 %
Epoch:3/3 AVG Training Loss:0.370 AVG Test Loss:0.443 AVG Training Acc 86.58 % AVG Test Acc 82.47 %
Fold 4/4...
Epoch:1/3 AVG Training Loss:0.693 AVG Test Loss:0.693 AVG Training Acc 10.61 % AVG Test Acc 16.23 %
Epoch:2/3 AVG Training Loss:0.693 AVG Test Loss:0.693 AVG Training Acc 10.61 % AVG Test Acc 16.23 %
Epoch:3/3 AVG Training Loss:0.693 AVG Test Loss:0.693 AVG Training Acc 10.61 % AVG Test Acc 16.23 %


Average Training CV Loss: 0.4451 	 Average Test CV Loss: 0.4769 	 Average Training CV Acc: 68.506 	 Average Test CV Acc: 68.019
