training and validating
Cross validation with cv 4
getting eval data loader...
train classes: ['0', '1']
Train image size : 516
val image size : 172
Using GPU
Fold 1/4...
Epoch:1/3 AVG Training Loss:0.618 AVG Test Loss:0.623 AVG Training Acc 79.75 % AVG Test Acc 76.16 %
Epoch:2/3 AVG Training Loss:0.611 AVG Test Loss:0.620 AVG Training Acc 77.42 % AVG Test Acc 76.74 %
Epoch:3/3 AVG Training Loss:0.565 AVG Test Loss:0.693 AVG Training Acc 75.78 % AVG Test Acc 23.84 %
Fold 2/4...
Epoch:1/3 AVG Training Loss:0.612 AVG Test Loss:0.669 AVG Training Acc 80.62 % AVG Test Acc 76.74 %
Epoch:2/3 AVG Training Loss:0.596 AVG Test Loss:0.621 AVG Training Acc 80.14 % AVG Test Acc 76.74 %
Epoch:3/3 AVG Training Loss:0.557 AVG Test Loss:0.562 AVG Training Acc 81.10 % AVG Test Acc 77.91 %
Fold 3/4...
Epoch:1/3 AVG Training Loss:0.617 AVG Test Loss:0.554 AVG Training Acc 81.69 % AVG Test Acc 83.14 %
Epoch:2/3 AVG Training Loss:0.598 AVG Test Loss:0.577 AVG Training Acc 80.23 % AVG Test Acc 83.14 %
Epoch:3/3 AVG Training Loss:0.580 AVG Test Loss:0.535 AVG Training Acc 81.20 % AVG Test Acc 83.14 %
Fold 4/4...
Epoch:1/3 AVG Training Loss:0.694 AVG Test Loss:0.693 AVG Training Acc 21.61 % AVG Test Acc 19.19 %
Epoch:2/3 AVG Training Loss:0.693 AVG Test Loss:0.693 AVG Training Acc 21.41 % AVG Test Acc 19.19 %
Epoch:3/3 AVG Training Loss:0.693 AVG Test Loss:0.693 AVG Training Acc 20.54 % AVG Test Acc 19.19 %


Average Training CV Loss: 0.5986 	 Average Test CV Loss: 0.6209 	 Average Training CV Acc: 64.656 	 Average Test CV Acc: 51.017